  Camera.cpp
  ShapeGenerator.cpp
  Source.cpp
  arm.cpp
  ShaderCode.cpp
  application.cpp
c:\program files (x86)\windows kits\10\include\10.0.17134.0\shared\minwindef.h(130): warning C4005: 'APIENTRY': macro redefinition
  c:\jeff\bme_term_2a\ems\git_tester\tester\opengl\dependencies\glfw\include\glfw\glfw3.h(98): note: see previous definition of 'APIENTRY'
c:\jeff\bme_term_2a\ems\git_tester\tester\opengl\src\application.cpp(61): warning C4305: 'initializing': truncation from 'double' to 'float'
c:\jeff\bme_term_2a\ems\git_tester\tester\opengl\src\application.cpp(217): warning C4305: 'argument': truncation from 'double' to 'float'
c:\jeff\bme_term_2a\ems\git_tester\tester\opengl\src\application.cpp(231): warning C4305: 'argument': truncation from 'double' to 'float'
c:\jeff\bme_term_2a\ems\git_tester\tester\opengl\src\application.cpp(616): warning C4244: 'argument': conversion from 'double' to 'float', possible loss of data
c:\jeff\bme_term_2a\ems\git_tester\tester\opengl\src\application.cpp(625): warning C4305: 'argument': truncation from 'double' to 'float'
c:\jeff\bme_term_2a\ems\git_tester\tester\opengl\src\application.cpp(626): warning C4305: 'argument': truncation from 'double' to 'float'
c:\jeff\bme_term_2a\ems\git_tester\tester\opengl\src\application.cpp(634): warning C4305: 'argument': truncation from 'double' to 'float'
c:\jeff\bme_term_2a\ems\git_tester\tester\opengl\src\application.cpp(635): warning C4305: 'argument': truncation from 'double' to 'float'
c:\jeff\bme_term_2a\ems\git_tester\tester\opengl\src\application.cpp(643): warning C4305: 'argument': truncation from 'double' to 'float'
c:\jeff\bme_term_2a\ems\git_tester\tester\opengl\src\application.cpp(644): warning C4305: 'argument': truncation from 'double' to 'float'
c:\jeff\bme_term_2a\ems\git_tester\tester\opengl\src\application.cpp(786): warning C4244: '=': conversion from 'double' to 'float', possible loss of data
c:\jeff\bme_term_2a\ems\git_tester\tester\opengl\src\application.cpp(787): warning C4244: '=': conversion from 'double' to 'float', possible loss of data
c:\jeff\bme_term_2a\ems\git_tester\tester\opengl\src\application.cpp(788): warning C4244: '=': conversion from 'double' to 'float', possible loss of data
c:\jeff\bme_term_2a\ems\git_tester\tester\opengl\src\application.cpp(789): warning C4244: '=': conversion from 'double' to 'float', possible loss of data
c:\jeff\bme_term_2a\ems\git_tester\tester\opengl\src\application.cpp(790): warning C4244: '=': conversion from 'double' to 'float', possible loss of data
c:\jeff\bme_term_2a\ems\git_tester\tester\opengl\src\application.cpp(791): warning C4244: '=': conversion from 'double' to 'float', possible loss of data
c:\jeff\bme_term_2a\ems\git_tester\tester\opengl\src\application.cpp(792): warning C4244: '=': conversion from 'double' to 'float', possible loss of data
c:\jeff\bme_term_2a\ems\git_tester\tester\opengl\src\application.cpp(793): warning C4244: '=': conversion from 'double' to 'float', possible loss of data
c:\jeff\bme_term_2a\ems\git_tester\tester\opengl\src\application.cpp(794): warning C4244: '=': conversion from 'double' to 'float', possible loss of data
c:\jeff\bme_term_2a\ems\git_tester\tester\opengl\src\application.cpp(795): warning C4244: '=': conversion from 'double' to 'float', possible loss of data
c:\jeff\bme_term_2a\ems\git_tester\tester\opengl\src\application.cpp(796): warning C4244: '=': conversion from 'double' to 'float', possible loss of data
c:\jeff\bme_term_2a\ems\git_tester\tester\opengl\src\application.cpp(797): warning C4244: '=': conversion from 'double' to 'float', possible loss of data
c:\jeff\bme_term_2a\ems\git_tester\tester\opengl\src\application.cpp(931): warning C4244: 'argument': conversion from 'double' to 'GLsizei', possible loss of data
c:\jeff\bme_term_2a\ems\git_tester\tester\opengl\src\application.cpp(945): warning C4244: 'argument': conversion from 'double' to 'GLsizei', possible loss of data
c:\jeff\bme_term_2a\ems\git_tester\tester\opengl\src\application.cpp(945): warning C4244: 'argument': conversion from 'double' to 'GLint', possible loss of data
c:\jeff\bme_term_2a\ems\git_tester\tester\opengl\src\application.cpp(952): warning C4305: 'argument': truncation from 'double' to 'float'
c:\jeff\bme_term_2a\ems\git_tester\tester\opengl\src\application.cpp(959): warning C4244: 'argument': conversion from 'double' to 'GLsizei', possible loss of data
c:\jeff\bme_term_2a\ems\git_tester\tester\opengl\src\application.cpp(959): warning C4244: 'argument': conversion from 'double' to 'GLint', possible loss of data
  Generating Code...
  OpenGL.vcxproj -> C:\Jeff\BME_Term_2A\EMS\git_tester\tester\OpenGL\Debug\OpenGL.exe
